<?xml version="1.0" encoding="UTF-8"?>
<testsuite xmlns:xsi="http://www.w3.org/2001/XMLSchema-instance" xsi:noNamespaceSchemaLocation="https://maven.apache.org/surefire/maven-surefire-plugin/xsd/surefire-test-report.xsd" version="3.0.2" name="lipid.AdductDetectionTest" time="0.005" tests="5" errors="0" skipped="0" failures="0">
  <properties>
[...]
</properties>
  <testcase name="shouldDetectNegativeAdductHCOOHvsH2O" classname="lipid.AdductDetectionTest" time="0.001">
    <system-out><![CDATA[reference: 700.5
candidatePeak: Peak(mz=764,5166, intensity=85000,00)
diff from reference: 64.01660000000004
candidate peak possible: Peak(mz=764,5166, intensity=85000,00)
candidatePeak: Peak(mz=700,5000, intensity=90000,00)
diff from reference: 0.0
candidate peak possible: Peak(mz=700,5000, intensity=90000,00)
adduct1: [M-H]−
adduct2: [M+Cl]−
[M-H]− has a charge of 1
[M-H]− has a multimer count of 1
referenceMass: 701.507276
[M+Cl]− has a charge of 1
[M+Cl]− has a multimer count of 1
candidateMass: 729.547198
ppm: 38435.0
adduct2: [M+HCOOH-H]−
[M-H]− has a charge of 1
[M-H]− has a multimer count of 1
referenceMass: 701.507276
[M+HCOOH-H]− has a charge of 1
[M+HCOOH-H]− has a multimer count of 1
candidateMass: 719.518399
ppm: 25032.0
adduct2: [M-H-H2O]−
[M-H]− has a charge of 1
[M-H]− has a multimer count of 1
referenceMass: 701.507276
[M-H-H2O]− has a charge of 1
[M-H-H2O]− has a multimer count of 1
candidateMass: 783.53499
ppm: 104689.0
adduct2: [2M-H]−
[M-H]− has a charge of 1
[M-H]− has a multimer count of 1
referenceMass: 701.507276
[2M-H]− has a charge of 1
[2M-H]− has a multimer count of 2
candidateMass: 382.76193800000004
ppm: 832751.0
adduct2: [M-2H]2−
[M-H]− has a charge of 1
[M-H]− has a multimer count of 1
referenceMass: 701.507276
[M-2H]2− has a charge of 2
[M-2H]2− has a multimer count of 1
candidateMass: 1530.0404760000001
ppm: 541511.0
adduct1: [M+Cl]−
adduct2: [M-H]−
[M+Cl]− has a charge of 1
[M+Cl]− has a multimer count of 1
referenceMass: 665.530598
[M-H]− has a charge of 1
[M-H]− has a multimer count of 1
candidateMass: 765.5238760000001
ppm: 130621.0
adduct2: [M+HCOOH-H]−
[M+Cl]− has a charge of 1
[M+Cl]− has a multimer count of 1
referenceMass: 665.530598
[M+HCOOH-H]− has a charge of 1
[M+HCOOH-H]− has a multimer count of 1
candidateMass: 719.518399
ppm: 75033.0
adduct2: [M-H-H2O]−
[M+Cl]− has a charge of 1
[M+Cl]− has a multimer count of 1
referenceMass: 665.530598
[M-H-H2O]− has a charge of 1
[M-H-H2O]− has a multimer count of 1
candidateMass: 783.53499
ppm: 150605.0
adduct2: [2M-H]−
[M+Cl]− has a charge of 1
[M+Cl]− has a multimer count of 1
referenceMass: 665.530598
[2M-H]− has a charge of 1
[2M-H]− has a multimer count of 2
candidateMass: 382.76193800000004
ppm: 738759.0
adduct2: [M-2H]2−
[M+Cl]− has a charge of 1
[M+Cl]− has a multimer count of 1
referenceMass: 665.530598
[M-2H]2− has a charge of 2
[M-2H]2− has a multimer count of 1
candidateMass: 1530.0404760000001
ppm: 565024.0
adduct1: [M+HCOOH-H]−
adduct2: [M-H]−
[M+HCOOH-H]− has a charge of 1
[M+HCOOH-H]− has a multimer count of 1
referenceMass: 655.501799
[M-H]− has a charge of 1
[M-H]− has a multimer count of 1
candidateMass: 765.5238760000001
ppm: 143721.0
adduct2: [M+Cl]−
[M+HCOOH-H]− has a charge of 1
[M+HCOOH-H]− has a multimer count of 1
referenceMass: 655.501799
[M+Cl]− has a charge of 1
[M+Cl]− has a multimer count of 1
candidateMass: 729.547198
ppm: 101495.0
adduct2: [M-H-H2O]−
[M+HCOOH-H]− has a charge of 1
[M+HCOOH-H]− has a multimer count of 1
referenceMass: 655.501799
[M-H-H2O]− has a charge of 1
[M-H-H2O]− has a multimer count of 1
candidateMass: 783.53499
ppm: 163405.0
adduct2: [2M-H]−
[M+HCOOH-H]− has a charge of 1
[M+HCOOH-H]− has a multimer count of 1
referenceMass: 655.501799
[2M-H]− has a charge of 1
[2M-H]− has a multimer count of 2
candidateMass: 382.76193800000004
ppm: 712557.0
adduct2: [M-2H]2−
[M+HCOOH-H]− has a charge of 1
[M+HCOOH-H]− has a multimer count of 1
referenceMass: 655.501799
[M-2H]2− has a charge of 2
[M-2H]2− has a multimer count of 1
candidateMass: 1530.0404760000001
ppm: 571579.0
adduct1: [M-H-H2O]−
adduct2: [M-H]−
[M-H-H2O]− has a charge of 1
[M-H-H2O]− has a multimer count of 1
referenceMass: 719.51839
[M-H]− has a charge of 1
[M-H]− has a multimer count of 1
candidateMass: 765.5238760000001
ppm: 60097.0
adduct2: [M+Cl]−
[M-H-H2O]− has a charge of 1
[M-H-H2O]− has a multimer count of 1
referenceMass: 719.51839
[M+Cl]− has a charge of 1
[M+Cl]− has a multimer count of 1
candidateMass: 729.547198
ppm: 13747.0
adduct2: [M+HCOOH-H]−
[M-H-H2O]− has a charge of 1
[M-H-H2O]− has a multimer count of 1
referenceMass: 719.51839
[M+HCOOH-H]− has a charge of 1
[M+HCOOH-H]− has a multimer count of 1
candidateMass: 719.518399
ppm: 0.0
result: {Peak(mz=700,5000, intensity=90000,00)=[M-H-H2O]−, Peak(mz=764,5166, intensity=85000,00)=[M+HCOOH-H]−}
Matched peak 700,5000 with adduct [M-H-H2O]−
Matched peak 764,5166 with adduct [M+HCOOH-H]−
]]></system-out>
  </testcase>
  <testcase name="shouldDetectNegativeAdductBasedOnMzDifference" classname="lipid.AdductDetectionTest" time="0.0">
    <system-out><![CDATA[reference: 700.5
candidatePeak: Peak(mz=736,4767, intensity=80000,00)
diff from reference: 35.97670000000005
candidate peak possible: Peak(mz=736,4767, intensity=80000,00)
candidatePeak: Peak(mz=700,5000, intensity=100000,00)
diff from reference: 0.0
candidate peak possible: Peak(mz=700,5000, intensity=100000,00)
adduct1: [M-H]−
adduct2: [M+Cl]−
[M-H]− has a charge of 1
[M-H]− has a multimer count of 1
referenceMass: 701.507276
[M+Cl]− has a charge of 1
[M+Cl]− has a multimer count of 1
candidateMass: 701.507298
ppm: 0.0
result: {Peak(mz=700,5000, intensity=100000,00)=[M-H]−, Peak(mz=736,4767, intensity=80000,00)=[M+Cl]−}
Matched peak 700,5000 with adduct [M-H]−
Matched peak 736,4767 with adduct [M+Cl]−
]]></system-out>
  </testcase>
  <testcase name="shouldDetectDoublyChargedAdduct" classname="lipid.AdductDetectionTest" time="0.0">
    <system-out><![CDATA[reference: 700.5
candidatePeak: Peak(mz=700,5000, intensity=100000,00)
diff from reference: 0.0
candidate peak possible: Peak(mz=700,5000, intensity=100000,00)
adduct1: [M+H]+
adduct2: [M+2H]2+
[M+H]+ has a charge of 1
[M+H]+ has a multimer count of 1
referenceMass: 699.492724
[M+2H]2+ has a charge of 2
[M+2H]2+ has a multimer count of 1
candidateMass: 699.4934480000001
ppm: 1.0
result: {Peak(mz=700,5000, intensity=100000,00)=[M+H]+, Peak(mz=350,7540, intensity=85000,00)=[M+2H]2+}
]]></system-out>
  </testcase>
  <testcase name="shouldDetectAdductBasedOnMzDifference" classname="lipid.AdductDetectionTest" time="0.0">
    <system-out><![CDATA[reference: 700.49999
candidatePeak: Peak(mz=722,4820, intensity=80000,00)
diff from reference: 21.982009999999946
candidate peak possible: Peak(mz=722,4820, intensity=80000,00)
candidatePeak: Peak(mz=700,5000, intensity=100000,00)
diff from reference: 9.999999974752427E-6
candidate peak possible: Peak(mz=700,5000, intensity=100000,00)
adduct1: [M+H]+
adduct2: [M+2H]2+
[M+H]+ has a charge of 1
[M+H]+ has a multimer count of 1
referenceMass: 699.492714
[M+2H]2+ has a charge of 2
[M+2H]2+ has a multimer count of 1
candidateMass: 1442.9494479999998
ppm: 515234.0
adduct2: [M+Na]+
[M+H]+ has a charge of 1
[M+H]+ has a multimer count of 1
referenceMass: 699.492714
[M+Na]+ has a charge of 1
[M+Na]+ has a multimer count of 1
candidateMass: 699.4927819999999
ppm: 0.0
result: {Peak(mz=700,5000, intensity=100000,00)=[M+H]+, Peak(mz=722,4820, intensity=80000,00)=[M+Na]+}
resultado final: {Peak(mz=700,5000, intensity=100000,00)=[M+H]+, Peak(mz=722,4820, intensity=80000,00)=[M+Na]+}
]]></system-out>
  </testcase>
  <testcase name="shouldDetectLossOfWaterAdduct" classname="lipid.AdductDetectionTest" time="0.001">
    <system-out><![CDATA[reference: 700.5
candidatePeak: Peak(mz=700,5000, intensity=90000,00)
diff from reference: 0.0
candidate peak possible: Peak(mz=700,5000, intensity=90000,00)
adduct1: [M+H]+
adduct2: [M+2H]2+
[M+H]+ has a charge of 1
[M+H]+ has a multimer count of 1
referenceMass: 699.492724
[M+2H]2+ has a charge of 2
[M+2H]2+ has a multimer count of 1
candidateMass: 1362.964248
ppm: 486786.0
adduct2: [M+Na]+
[M+H]+ has a charge of 1
[M+H]+ has a multimer count of 1
referenceMass: 699.492724
[M+Na]+ has a charge of 1
[M+Na]+ has a multimer count of 1
candidateMass: 659.500182
ppm: 60641.0
adduct2: [M+K]+
[M+H]+ has a charge of 1
[M+H]+ has a multimer count of 1
referenceMass: 699.492724
[M+K]+ has a charge of 1
[M+K]+ has a multimer count of 1
candidateMass: 643.526242
ppm: 86968.0
adduct2: [M+NH4]+
[M+H]+ has a charge of 1
[M+H]+ has a multimer count of 1
referenceMass: 699.492724
[M+NH4]+ has a charge of 1
[M+NH4]+ has a multimer count of 1
candidateMass: 664.4555770000001
ppm: 52731.0
adduct2: [M+H-H2O]+
[M+H]+ has a charge of 1
[M+H]+ has a multimer count of 1
referenceMass: 699.492724
[M+H-H2O]+ has a charge of 1
[M+H-H2O]+ has a multimer count of 1
candidateMass: 699.4926
ppm: 0.0
result: {Peak(mz=700,5000, intensity=90000,00)=[M+H]+, Peak(mz=682,4894, intensity=70000,00)=[M+H-H2O]+}
]]></system-out>
  </testcase>
</testsuite>